Determining if the pthread_create exist failed with the following output:
Change Dir: /home/wang/CLionProjects/intelRealsense/opencv/imshow/cmake-build-debug/CMakeFiles/CMakeTmp

Run Build Command:"/usr/bin/make" "cmTC_c62d2/fast"
/usr/bin/make -f CMakeFiles/cmTC_c62d2.dir/build.make CMakeFiles/cmTC_c62d2.dir/build
make[1]: Entering directory '/home/wang/CLionProjects/intelRealsense/opencv/imshow/cmake-build-debug/CMakeFiles/CMakeTmp'
Building C object CMakeFiles/cmTC_c62d2.dir/CheckSymbolExists.c.o
/usr/bin/cc   -fPIC    -o CMakeFiles/cmTC_c62d2.dir/CheckSymbolExists.c.o   -c /home/wang/CLionProjects/intelRealsense/opencv/imshow/cmake-build-debug/CMakeFiles/CMakeTmp/CheckSymbolExists.c
Linking C executable cmTC_c62d2
/home/wang/下载/clion-2017.3/bin/cmake/bin/cmake -E cmake_link_script CMakeFiles/cmTC_c62d2.dir/link.txt --verbose=1
/usr/bin/cc -fPIC     -rdynamic CMakeFiles/cmTC_c62d2.dir/CheckSymbolExists.c.o  -o cmTC_c62d2 
CMakeFiles/cmTC_c62d2.dir/CheckSymbolExists.c.o：在函数‘main’中：
CheckSymbolExists.c:(.text+0x1b)：对‘pthread_create’未定义的引用
collect2: error: ld returned 1 exit status
CMakeFiles/cmTC_c62d2.dir/build.make:97: recipe for target 'cmTC_c62d2' failed
make[1]: *** [cmTC_c62d2] Error 1
make[1]: Leaving directory '/home/wang/CLionProjects/intelRealsense/opencv/imshow/cmake-build-debug/CMakeFiles/CMakeTmp'
Makefile:126: recipe for target 'cmTC_c62d2/fast' failed
make: *** [cmTC_c62d2/fast] Error 2

File /home/wang/CLionProjects/intelRealsense/opencv/imshow/cmake-build-debug/CMakeFiles/CMakeTmp/CheckSymbolExists.c:
/* */
#include <pthread.h>

int main(int argc, char** argv)
{
  (void)argv;
#ifndef pthread_create
  return ((int*)(&pthread_create))[argc];
#else
  (void)argc;
  return 0;
#endif
}

Determining if the function pthread_create exists in the pthreads failed with the following output:
Change Dir: /home/wang/CLionProjects/intelRealsense/opencv/imshow/cmake-build-debug/CMakeFiles/CMakeTmp

Run Build Command:"/usr/bin/make" "cmTC_08a50/fast"
/usr/bin/make -f CMakeFiles/cmTC_08a50.dir/build.make CMakeFiles/cmTC_08a50.dir/build
make[1]: Entering directory '/home/wang/CLionProjects/intelRealsense/opencv/imshow/cmake-build-debug/CMakeFiles/CMakeTmp'
Building C object CMakeFiles/cmTC_08a50.dir/CheckFunctionExists.c.o
/usr/bin/cc   -fPIC -DCHECK_FUNCTION_EXISTS=pthread_create   -o CMakeFiles/cmTC_08a50.dir/CheckFunctionExists.c.o   -c /home/wang/下载/clion-2017.3/bin/cmake/share/cmake-3.9/Modules/CheckFunctionExists.c
Linking C executable cmTC_08a50
/home/wang/下载/clion-2017.3/bin/cmake/bin/cmake -E cmake_link_script CMakeFiles/cmTC_08a50.dir/link.txt --verbose=1
/usr/bin/cc -fPIC -DCHECK_FUNCTION_EXISTS=pthread_create    -rdynamic CMakeFiles/cmTC_08a50.dir/CheckFunctionExists.c.o  -o cmTC_08a50 -lpthreads 
/usr/bin/ld: 找不到 -lpthreads
collect2: error: ld returned 1 exit status
CMakeFiles/cmTC_08a50.dir/build.make:97: recipe for target 'cmTC_08a50' failed
make[1]: *** [cmTC_08a50] Error 1
make[1]: Leaving directory '/home/wang/CLionProjects/intelRealsense/opencv/imshow/cmake-build-debug/CMakeFiles/CMakeTmp'
Makefile:126: recipe for target 'cmTC_08a50/fast' failed
make: *** [cmTC_08a50/fast] Error 2


